7月 31, 2019 2:32:01 下午 com.chaptor07.test_log.Log1ForInternet main
信息: INFO message
7月 31, 2019 2:32:01 下午 com.chaptor07.test_log.Log1ForInternet main
严重: SEVERE message
7月 31, 2019 2:32:01 下午 com.chaptor07.test_log.Log1ForInternet main
警告: WARNING message
7月 31, 2019 2:32:01 下午 com.chaptor07.test_log.Log1ForInternet main
信息: INFO message
7月 31, 2019 2:32:01 下午 com.chaptor07.test_log.Log1ForInternet main
严重: SEVERE message
7月 31, 2019 2:32:01 下午 com.chaptor07.test_log.Log1ForInternet main
警告: WARNING message
7月 31, 2019 2:32:01 下午 com.chaptor07.test_log.Log1ForInternet main
信息: INFO message
7月 31, 2019 2:32:01 下午 com.chaptor07.test_log.Log1ForInternet main
配置: CONFING message
7月 31, 2019 2:32:01 下午 com.chaptor07.test_log.Log1ForInternet main
详细: FINE message
7月 31, 2019 2:32:27 下午 com.chaptor07.test_log.Log2ForText main
信息: INFO message
7月 31, 2019 2:32:27 下午 com.chaptor07.test_log.Log2ForText main
严重: SEVERE message
7月 31, 2019 2:32:27 下午 com.chaptor07.test_log.Log2ForText main
警告: WARNING message
7月 31, 2019 2:32:27 下午 com.chaptor07.test_log.Log2ForText main
信息: INFO message
7月 31, 2019 2:32:27 下午 com.chaptor07.test_log.Log2ForText main
严重: SEVERE message
7月 31, 2019 2:32:27 下午 com.chaptor07.test_log.Log2ForText main
警告: WARNING message
7月 31, 2019 2:32:27 下午 com.chaptor07.test_log.Log2ForText main
信息: INFO message
7月 31, 2019 2:32:27 下午 com.chaptor07.test_log.Log2ForText main
配置: CONFING message
7月 31, 2019 2:32:27 下午 com.chaptor07.test_log.Log2ForText main
详细: FINE message
7月 31, 2019 2:32:30 下午 com.chaptor07.test_log.Log2ForText main
信息: INFO message
7月 31, 2019 2:32:30 下午 com.chaptor07.test_log.Log2ForText main
严重: SEVERE message
7月 31, 2019 2:32:30 下午 com.chaptor07.test_log.Log2ForText main
警告: WARNING message
7月 31, 2019 2:32:30 下午 com.chaptor07.test_log.Log2ForText main
信息: INFO message
7月 31, 2019 2:32:30 下午 com.chaptor07.test_log.Log2ForText main
严重: SEVERE message
7月 31, 2019 2:32:30 下午 com.chaptor07.test_log.Log2ForText main
警告: WARNING message
7月 31, 2019 2:32:30 下午 com.chaptor07.test_log.Log2ForText main
信息: INFO message
7月 31, 2019 2:32:30 下午 com.chaptor07.test_log.Log2ForText main
配置: CONFING message
7月 31, 2019 2:32:30 下午 com.chaptor07.test_log.Log2ForText main
详细: FINE message
7月 31, 2019 2:32:36 下午 com.chaptor07.test_log.Log2ForText main
信息: INFO message
7月 31, 2019 2:32:36 下午 com.chaptor07.test_log.Log2ForText main
严重: SEVERE message
7月 31, 2019 2:32:36 下午 com.chaptor07.test_log.Log2ForText main
警告: WARNING message
7月 31, 2019 2:32:36 下午 com.chaptor07.test_log.Log2ForText main
信息: INFO message
7月 31, 2019 2:32:36 下午 com.chaptor07.test_log.Log2ForText main
严重: SEVERE message
7月 31, 2019 2:32:36 下午 com.chaptor07.test_log.Log2ForText main
警告: WARNING message
7月 31, 2019 2:32:36 下午 com.chaptor07.test_log.Log2ForText main
信息: INFO message
7月 31, 2019 2:32:36 下午 com.chaptor07.test_log.Log2ForText main
配置: CONFING message
7月 31, 2019 2:32:36 下午 com.chaptor07.test_log.Log2ForText main
详细: FINE message
7月 31, 2019 2:32:41 下午 com.chaptor07.test_log.Log2ForText main
信息: INFO message
7月 31, 2019 2:32:41 下午 com.chaptor07.test_log.Log2ForText main
严重: SEVERE message
7月 31, 2019 2:32:41 下午 com.chaptor07.test_log.Log2ForText main
警告: WARNING message
7月 31, 2019 2:32:41 下午 com.chaptor07.test_log.Log2ForText main
信息: INFO message
7月 31, 2019 2:32:41 下午 com.chaptor07.test_log.Log2ForText main
严重: SEVERE message
7月 31, 2019 2:32:41 下午 com.chaptor07.test_log.Log2ForText main
警告: WARNING message
7月 31, 2019 2:32:41 下午 com.chaptor07.test_log.Log2ForText main
信息: INFO message
7月 31, 2019 2:32:41 下午 com.chaptor07.test_log.Log2ForText main
配置: CONFING message
7月 31, 2019 2:32:41 下午 com.chaptor07.test_log.Log2ForText main
详细: FINE message
7月 31, 2019 2:32:47 下午 com.chaptor07.test_log.Log1ForInternet main
信息: INFO message
7月 31, 2019 2:32:47 下午 com.chaptor07.test_log.Log1ForInternet main
严重: SEVERE message
7月 31, 2019 2:32:47 下午 com.chaptor07.test_log.Log1ForInternet main
警告: WARNING message
7月 31, 2019 2:32:47 下午 com.chaptor07.test_log.Log1ForInternet main
信息: INFO message
7月 31, 2019 2:32:47 下午 com.chaptor07.test_log.Log1ForInternet main
严重: SEVERE message
7月 31, 2019 2:32:47 下午 com.chaptor07.test_log.Log1ForInternet main
警告: WARNING message
7月 31, 2019 2:32:47 下午 com.chaptor07.test_log.Log1ForInternet main
信息: INFO message
7月 31, 2019 2:32:47 下午 com.chaptor07.test_log.Log1ForInternet main
配置: CONFING message
7月 31, 2019 2:32:47 下午 com.chaptor07.test_log.Log1ForInternet main
详细: FINE message
7月 31, 2019 2:32:53 下午 com.chaptor07.test_log.Log1ForInternet main
信息: INFO message
7月 31, 2019 2:32:53 下午 com.chaptor07.test_log.Log1ForInternet main
严重: SEVERE message
7月 31, 2019 2:32:53 下午 com.chaptor07.test_log.Log1ForInternet main
警告: WARNING message
7月 31, 2019 2:32:53 下午 com.chaptor07.test_log.Log1ForInternet main
信息: INFO message
7月 31, 2019 2:32:53 下午 com.chaptor07.test_log.Log1ForInternet main
严重: SEVERE message
7月 31, 2019 2:32:53 下午 com.chaptor07.test_log.Log1ForInternet main
警告: WARNING message
7月 31, 2019 2:32:53 下午 com.chaptor07.test_log.Log1ForInternet main
信息: INFO message
7月 31, 2019 2:32:53 下午 com.chaptor07.test_log.Log1ForInternet main
配置: CONFING message
7月 31, 2019 2:32:53 下午 com.chaptor07.test_log.Log1ForInternet main
详细: FINE message
